2024/10/30 10:49:11 - [INFO] Load FlowEditPipeline from `/data/pengzhengwei/checkpoints/stablediffusion/v3` successfully, inferencing with `torch.float16` on `cuda:5`.
2024/10/30 10:49:11 - [INFO] Set random seed `1234`.
2024/10/30 10:49:11 - [INFO] =========== Initializing AttentionRefine controller. ===========
2024/10/30 10:49:11 - [INFO] source prompt is `a photo of a cat`.
2024/10/30 10:49:11 - [INFO] target prompt is `a photo of a dog`.
2024/10/30 10:49:11 - [INFO] source blend is `photo`.
2024/10/30 10:49:11 - [INFO] target blend is `dog`.
2024/10/30 10:49:11 - [INFO] source encoded sequence is `[['<|startoftext|>', 'a', 'photo', 'of', 'a', 'cat', '-', '<|endoftext|>']]`.
2024/10/30 10:49:11 - [INFO] target encoded sequence is `[['<|startoftext|>', 'a', 'photo', 'of', 'a', '-', 'dog', '<|endoftext|>']]`.
2024/10/30 10:49:11 - [INFO] original mapper is tensor([[ 0,  1,  2,  3,  4, -1,  6,  7,  8,  9, 10, 11, 12, 13, 14, 15, 16, 17,
         18, 19, 20, 21, 22, 23, 24, 25, 26, 27, 28, 29, 30, 31, 32, 33, 34, 35,
         36, 37, 38, 39, 40, 41, 42, 43, 44, 45, 46, 47, 48, 49, 50, 51, 52, 53,
         54, 55, 56, 57, 58, 59, 60, 61, 62, 63, 64, 65, 66, 67, 68, 69, 70, 71,
         72, 73, 74, 75, 76]]).
2024/10/30 10:49:11 - [INFO] final mapper is `tensor([[ 0,  1,  2,  3,  4,  5,  6,  7,  8,  9, 10, 11, 12, 13, 14, 15, 16, 17,
         18, 19, 20, 21, 22, 23, 24, 25, 26, 27, 28, 29, 30, 31, 32, 33, 34, 35,
         36, 37, 38, 39, 40, 41, 42, 43, 44, 45, 46, 47, 48, 49, 50, 51, 52, 53,
         54, 55, 56, 57, 58, 59, 60, 61, 62, 63, 64, 65, 66, 67, 68, 69, 70, 71,
         72, 73, 74, 75, 76]])`.
2024/10/30 10:49:11 - [INFO] final alphas is `tensor([[1., 1., 1., 1., 1., 1., 1., 1., 1., 1., 1., 1., 1., 1., 1., 1., 1., 1.,
         1., 1., 1., 1., 1., 1., 1., 1., 1., 1., 1., 1., 1., 1., 1., 1., 1., 1.,
         1., 1., 1., 1., 1., 1., 1., 1., 1., 1., 1., 1., 1., 1., 1., 1., 1., 1.,
         1., 1., 1., 1., 1., 1., 1., 1., 1., 1., 1., 1., 1., 1., 1., 1., 1., 1.,
         1., 1., 1., 1., 1.]])`.
2024/10/30 10:49:11 - [INFO] total inference steps is `25`.
2024/10/30 10:49:11 - [INFO] attention replacement start step is 0.0.
2024/10/30 10:49:11 - [INFO] attention replacement end step is 0.3.
2024/10/30 10:49:11 - [INFO] ================================================================
2024/10/30 10:49:11 - [INFO] Registered 24 AttentionRefine controllers, namely ['transformer_blocks.0.attn.processor', 'transformer_blocks.1.attn.processor', 'transformer_blocks.2.attn.processor', 'transformer_blocks.3.attn.processor', 'transformer_blocks.4.attn.processor', 'transformer_blocks.5.attn.processor', 'transformer_blocks.6.attn.processor', 'transformer_blocks.7.attn.processor', 'transformer_blocks.8.attn.processor', 'transformer_blocks.9.attn.processor', 'transformer_blocks.10.attn.processor', 'transformer_blocks.11.attn.processor', 'transformer_blocks.12.attn.processor', 'transformer_blocks.13.attn.processor', 'transformer_blocks.14.attn.processor', 'transformer_blocks.15.attn.processor', 'transformer_blocks.16.attn.processor', 'transformer_blocks.17.attn.processor', 'transformer_blocks.18.attn.processor', 'transformer_blocks.19.attn.processor', 'transformer_blocks.20.attn.processor', 'transformer_blocks.21.attn.processor', 'transformer_blocks.22.attn.processor', 'transformer_blocks.23.attn.processor'].
2024/10/30 10:49:12 - [INFO] Replace attention at 0th layer.
2024/10/30 10:49:12 - [INFO] Replace attention at 1th layer.
2024/10/30 10:49:12 - [INFO] Replace attention at 2th layer.
2024/10/30 10:49:12 - [INFO] Replace attention at 3th layer.
2024/10/30 10:49:12 - [INFO] Replace attention at 4th layer.
2024/10/30 10:49:12 - [INFO] Replace attention at 5th layer.
2024/10/30 10:49:12 - [INFO] Replace attention at 6th layer.
2024/10/30 10:49:12 - [INFO] Replace attention at 7th layer.
2024/10/30 10:49:12 - [INFO] Replace attention at 8th layer.
2024/10/30 10:49:12 - [INFO] Replace attention at 9th layer.
2024/10/30 10:49:12 - [INFO] Replace attention at 10th layer.
2024/10/30 10:49:12 - [INFO] Replace attention at 11th layer.
2024/10/30 10:49:12 - [INFO] Replace attention at 12th layer.
2024/10/30 10:49:12 - [INFO] Replace attention at 13th layer.
2024/10/30 10:49:12 - [INFO] Replace attention at 14th layer.
2024/10/30 10:49:12 - [INFO] Replace attention at 15th layer.
2024/10/30 10:49:12 - [INFO] Replace attention at 16th layer.
2024/10/30 10:49:12 - [INFO] Replace attention at 17th layer.
2024/10/30 10:49:12 - [INFO] Replace attention at 18th layer.
2024/10/30 10:49:12 - [INFO] Replace attention at 19th layer.
2024/10/30 10:49:12 - [INFO] Replace attention at 20th layer.
2024/10/30 10:49:12 - [INFO] Replace attention at 21th layer.
2024/10/30 10:49:12 - [INFO] Replace attention at 22th layer.
2024/10/30 10:49:12 - [INFO] Replace attention at 23th layer.
2024/10/30 10:49:12 - [INFO] Complete the 1/25 step.
2024/10/30 10:49:12 - [INFO] Replace attention at 0th layer.
2024/10/30 10:49:12 - [INFO] Replace attention at 1th layer.
2024/10/30 10:49:12 - [INFO] Replace attention at 2th layer.
2024/10/30 10:49:12 - [INFO] Replace attention at 3th layer.
2024/10/30 10:49:12 - [INFO] Replace attention at 4th layer.
2024/10/30 10:49:12 - [INFO] Replace attention at 5th layer.
2024/10/30 10:49:12 - [INFO] Replace attention at 6th layer.
2024/10/30 10:49:12 - [INFO] Replace attention at 7th layer.
2024/10/30 10:49:12 - [INFO] Replace attention at 8th layer.
2024/10/30 10:49:12 - [INFO] Replace attention at 9th layer.
2024/10/30 10:49:12 - [INFO] Replace attention at 10th layer.
2024/10/30 10:49:12 - [INFO] Replace attention at 11th layer.
2024/10/30 10:49:12 - [INFO] Replace attention at 12th layer.
2024/10/30 10:49:12 - [INFO] Replace attention at 13th layer.
2024/10/30 10:49:12 - [INFO] Replace attention at 14th layer.
2024/10/30 10:49:12 - [INFO] Replace attention at 15th layer.
2024/10/30 10:49:12 - [INFO] Replace attention at 16th layer.
2024/10/30 10:49:12 - [INFO] Replace attention at 17th layer.
2024/10/30 10:49:12 - [INFO] Replace attention at 18th layer.
2024/10/30 10:49:12 - [INFO] Replace attention at 19th layer.
2024/10/30 10:49:12 - [INFO] Replace attention at 20th layer.
2024/10/30 10:49:12 - [INFO] Replace attention at 21th layer.
2024/10/30 10:49:12 - [INFO] Replace attention at 22th layer.
2024/10/30 10:49:12 - [INFO] Replace attention at 23th layer.
2024/10/30 10:49:12 - [INFO] Complete the 2/25 step.
2024/10/30 10:49:12 - [INFO] Replace attention at 0th layer.
2024/10/30 10:49:12 - [INFO] Replace attention at 1th layer.
2024/10/30 10:49:12 - [INFO] Replace attention at 2th layer.
2024/10/30 10:49:12 - [INFO] Replace attention at 3th layer.
2024/10/30 10:49:12 - [INFO] Replace attention at 4th layer.
2024/10/30 10:49:12 - [INFO] Replace attention at 5th layer.
2024/10/30 10:49:12 - [INFO] Replace attention at 6th layer.
2024/10/30 10:49:12 - [INFO] Replace attention at 7th layer.
2024/10/30 10:49:12 - [INFO] Replace attention at 8th layer.
2024/10/30 10:49:12 - [INFO] Replace attention at 9th layer.
2024/10/30 10:49:12 - [INFO] Replace attention at 10th layer.
2024/10/30 10:49:12 - [INFO] Replace attention at 11th layer.
2024/10/30 10:49:12 - [INFO] Replace attention at 12th layer.
2024/10/30 10:49:12 - [INFO] Replace attention at 13th layer.
2024/10/30 10:49:12 - [INFO] Replace attention at 14th layer.
2024/10/30 10:49:12 - [INFO] Replace attention at 15th layer.
2024/10/30 10:49:12 - [INFO] Replace attention at 16th layer.
2024/10/30 10:49:12 - [INFO] Replace attention at 17th layer.
2024/10/30 10:49:12 - [INFO] Replace attention at 18th layer.
2024/10/30 10:49:12 - [INFO] Replace attention at 19th layer.
2024/10/30 10:49:12 - [INFO] Replace attention at 20th layer.
2024/10/30 10:49:12 - [INFO] Replace attention at 21th layer.
2024/10/30 10:49:12 - [INFO] Replace attention at 22th layer.
2024/10/30 10:49:12 - [INFO] Replace attention at 23th layer.
2024/10/30 10:49:12 - [INFO] Complete the 3/25 step.
2024/10/30 10:49:12 - [INFO] Replace attention at 0th layer.
2024/10/30 10:49:12 - [INFO] Replace attention at 1th layer.
2024/10/30 10:49:12 - [INFO] Replace attention at 2th layer.
2024/10/30 10:49:12 - [INFO] Replace attention at 3th layer.
2024/10/30 10:49:12 - [INFO] Replace attention at 4th layer.
2024/10/30 10:49:12 - [INFO] Replace attention at 5th layer.
2024/10/30 10:49:12 - [INFO] Replace attention at 6th layer.
2024/10/30 10:49:12 - [INFO] Replace attention at 7th layer.
2024/10/30 10:49:12 - [INFO] Replace attention at 8th layer.
2024/10/30 10:49:12 - [INFO] Replace attention at 9th layer.
2024/10/30 10:49:12 - [INFO] Replace attention at 10th layer.
2024/10/30 10:49:12 - [INFO] Replace attention at 11th layer.
2024/10/30 10:49:12 - [INFO] Replace attention at 12th layer.
2024/10/30 10:49:12 - [INFO] Replace attention at 13th layer.
2024/10/30 10:49:12 - [INFO] Replace attention at 14th layer.
2024/10/30 10:49:12 - [INFO] Replace attention at 15th layer.
2024/10/30 10:49:12 - [INFO] Replace attention at 16th layer.
2024/10/30 10:49:12 - [INFO] Replace attention at 17th layer.
2024/10/30 10:49:12 - [INFO] Replace attention at 18th layer.
2024/10/30 10:49:12 - [INFO] Replace attention at 19th layer.
2024/10/30 10:49:12 - [INFO] Replace attention at 20th layer.
2024/10/30 10:49:12 - [INFO] Replace attention at 21th layer.
2024/10/30 10:49:13 - [INFO] Replace attention at 22th layer.
2024/10/30 10:49:13 - [INFO] Replace attention at 23th layer.
2024/10/30 10:49:13 - [INFO] Complete the 4/25 step.
2024/10/30 10:49:13 - [INFO] Replace attention at 0th layer.
2024/10/30 10:49:13 - [INFO] Replace attention at 1th layer.
2024/10/30 10:49:13 - [INFO] Replace attention at 2th layer.
2024/10/30 10:49:13 - [INFO] Replace attention at 3th layer.
2024/10/30 10:49:13 - [INFO] Replace attention at 4th layer.
2024/10/30 10:49:13 - [INFO] Replace attention at 5th layer.
2024/10/30 10:49:13 - [INFO] Replace attention at 6th layer.
2024/10/30 10:49:13 - [INFO] Replace attention at 7th layer.
2024/10/30 10:49:13 - [INFO] Replace attention at 8th layer.
2024/10/30 10:49:13 - [INFO] Replace attention at 9th layer.
2024/10/30 10:49:13 - [INFO] Replace attention at 10th layer.
2024/10/30 10:49:13 - [INFO] Replace attention at 11th layer.
2024/10/30 10:49:13 - [INFO] Replace attention at 12th layer.
2024/10/30 10:49:13 - [INFO] Replace attention at 13th layer.
2024/10/30 10:49:13 - [INFO] Replace attention at 14th layer.
2024/10/30 10:49:13 - [INFO] Replace attention at 15th layer.
2024/10/30 10:49:13 - [INFO] Replace attention at 16th layer.
2024/10/30 10:49:13 - [INFO] Replace attention at 17th layer.
2024/10/30 10:49:13 - [INFO] Replace attention at 18th layer.
2024/10/30 10:49:13 - [INFO] Replace attention at 19th layer.
2024/10/30 10:49:13 - [INFO] Replace attention at 20th layer.
2024/10/30 10:49:13 - [INFO] Replace attention at 21th layer.
2024/10/30 10:49:13 - [INFO] Replace attention at 22th layer.
2024/10/30 10:49:13 - [INFO] Replace attention at 23th layer.
2024/10/30 10:49:13 - [INFO] Complete the 5/25 step.
2024/10/30 10:49:13 - [INFO] Replace attention at 0th layer.
2024/10/30 10:49:13 - [INFO] Replace attention at 1th layer.
2024/10/30 10:49:13 - [INFO] Replace attention at 2th layer.
2024/10/30 10:49:13 - [INFO] Replace attention at 3th layer.
2024/10/30 10:49:13 - [INFO] Replace attention at 4th layer.
2024/10/30 10:49:13 - [INFO] Replace attention at 5th layer.
2024/10/30 10:49:13 - [INFO] Replace attention at 6th layer.
2024/10/30 10:49:13 - [INFO] Replace attention at 7th layer.
2024/10/30 10:49:13 - [INFO] Replace attention at 8th layer.
2024/10/30 10:49:13 - [INFO] Replace attention at 9th layer.
2024/10/30 10:49:13 - [INFO] Replace attention at 10th layer.
2024/10/30 10:49:13 - [INFO] Replace attention at 11th layer.
2024/10/30 10:49:13 - [INFO] Replace attention at 12th layer.
2024/10/30 10:49:13 - [INFO] Replace attention at 13th layer.
2024/10/30 10:49:13 - [INFO] Replace attention at 14th layer.
2024/10/30 10:49:13 - [INFO] Replace attention at 15th layer.
2024/10/30 10:49:13 - [INFO] Replace attention at 16th layer.
2024/10/30 10:49:13 - [INFO] Replace attention at 17th layer.
2024/10/30 10:49:13 - [INFO] Replace attention at 18th layer.
2024/10/30 10:49:13 - [INFO] Replace attention at 19th layer.
2024/10/30 10:49:13 - [INFO] Replace attention at 20th layer.
2024/10/30 10:49:13 - [INFO] Replace attention at 21th layer.
2024/10/30 10:49:13 - [INFO] Replace attention at 22th layer.
2024/10/30 10:49:13 - [INFO] Replace attention at 23th layer.
2024/10/30 10:49:13 - [INFO] Complete the 6/25 step.
2024/10/30 10:49:13 - [INFO] Replace attention at 0th layer.
2024/10/30 10:49:13 - [INFO] Replace attention at 1th layer.
2024/10/30 10:49:13 - [INFO] Replace attention at 2th layer.
2024/10/30 10:49:13 - [INFO] Replace attention at 3th layer.
2024/10/30 10:49:13 - [INFO] Replace attention at 4th layer.
2024/10/30 10:49:13 - [INFO] Replace attention at 5th layer.
2024/10/30 10:49:13 - [INFO] Replace attention at 6th layer.
2024/10/30 10:49:13 - [INFO] Replace attention at 7th layer.
2024/10/30 10:49:13 - [INFO] Replace attention at 8th layer.
2024/10/30 10:49:13 - [INFO] Replace attention at 9th layer.
2024/10/30 10:49:13 - [INFO] Replace attention at 10th layer.
2024/10/30 10:49:13 - [INFO] Replace attention at 11th layer.
2024/10/30 10:49:13 - [INFO] Replace attention at 12th layer.
2024/10/30 10:49:13 - [INFO] Replace attention at 13th layer.
2024/10/30 10:49:13 - [INFO] Replace attention at 14th layer.
2024/10/30 10:49:13 - [INFO] Replace attention at 15th layer.
2024/10/30 10:49:13 - [INFO] Replace attention at 16th layer.
2024/10/30 10:49:13 - [INFO] Replace attention at 17th layer.
2024/10/30 10:49:13 - [INFO] Replace attention at 18th layer.
2024/10/30 10:49:13 - [INFO] Replace attention at 19th layer.
2024/10/30 10:49:13 - [INFO] Replace attention at 20th layer.
2024/10/30 10:49:13 - [INFO] Replace attention at 21th layer.
2024/10/30 10:49:13 - [INFO] Replace attention at 22th layer.
2024/10/30 10:49:13 - [INFO] Replace attention at 23th layer.
2024/10/30 10:49:13 - [INFO] Complete the 7/25 step.
2024/10/30 10:49:13 - [INFO] Complete the 8/25 step.
2024/10/30 10:49:14 - [INFO] Complete the 9/25 step.
2024/10/30 10:49:14 - [INFO] Complete the 10/25 step.
2024/10/30 10:49:14 - [INFO] Complete the 11/25 step.
2024/10/30 10:49:14 - [INFO] Complete the 12/25 step.
2024/10/30 10:49:15 - [INFO] Complete the 13/25 step.
2024/10/30 10:49:15 - [INFO] Complete the 14/25 step.
2024/10/30 10:49:15 - [INFO] Complete the 15/25 step.
2024/10/30 10:49:15 - [INFO] Complete the 16/25 step.
2024/10/30 10:49:16 - [INFO] Complete the 17/25 step.
2024/10/30 10:49:16 - [INFO] Complete the 18/25 step.
2024/10/30 10:49:16 - [INFO] Complete the 19/25 step.
2024/10/30 10:49:16 - [INFO] Complete the 20/25 step.
2024/10/30 10:49:17 - [INFO] Complete the 21/25 step.
2024/10/30 10:49:17 - [INFO] Complete the 22/25 step.
2024/10/30 10:49:17 - [INFO] Complete the 23/25 step.
2024/10/30 10:49:17 - [INFO] Complete the 24/25 step.
2024/10/30 10:49:18 - [INFO] Complete the 25/25 step.
